[    0.000000] Initializing cgroup subsys cpuset
[    0.000000] Initializing cgroup subsys cpu
[    0.000000] Initializing cgroup subsys cpuacct
[    0.000000] Linux version 4.4.0-140-generic (buildd@lcy01-amd64-006) (gcc version 5.4.0 20160609 (Ubuntu 5.4.0-6ubuntu1~16.04.10) ) #166-Ubuntu SMP Wed Nov 14 20:09:47 UTC 2018 (Ubuntu 4.4.0-140.166-generic 4.4.162)
[    0.000000] Command line: BOOT_IMAGE=/boot/vmlinuz-4.4.0-140-generic root=LABEL=cloudimg-rootfs ro console=tty1 console=ttyS0
[    0.000000] KERNEL supported cpus:
[    0.000000]   Intel GenuineIntel
[    0.000000]   AMD AuthenticAMD
[    0.000000]   Centaur CentaurHauls
[    0.000000] ------------[ cut here ]------------
[    0.000000] WARNING: CPU: 0 PID: 0 at /build/linux-wWyv2Z/linux-4.4.0/arch/x86/kernel/fpu/xstate.c:517 fpu__init_system_xstate+0x37e/0x764()
[    0.000000] XSAVE consistency problem, dumping leaves
[    0.000000] Modules linked in:
[    0.000000] CPU: 0 PID: 0 Comm: swapper Not tainted 4.4.0-140-generic #166-Ubuntu
[    0.000000]  0000000000000086 1bd88de42cdfdc62 ffffffff81e03d70 ffffffff814055d3
[    0.000000]  ffffffff81e03db8 ffffffff81cad750 ffffffff81e03da8 ffffffff810850d2
[    0.000000]  0000000000000008 0000000000000340 0000000000000100 ffffffff81e03e3c
[    0.000000] Call Trace:
[    0.000000]  [<ffffffff814055d3>] dump_stack+0x63/0x90
[    0.000000]  [<ffffffff810850d2>] warn_slowpath_common+0x82/0xc0
[    0.000000]  [<ffffffff8108516c>] warn_slowpath_fmt+0x5c/0x80
[    0.000000]  [<ffffffff81080be4>] ? xfeature_size+0x59/0x77
[    0.000000]  [<ffffffff81f731e3>] fpu__init_system_xstate+0x37e/0x764
[    0.000000]  [<ffffffff81f63120>] ? early_idt_handler_array+0x120/0x120
[    0.000000]  [<ffffffff81f72bec>] fpu__init_system+0x1e7/0x28e
[    0.000000]  [<ffffffff81f73dc6>] early_cpu_init+0x210/0x216
[    0.000000]  [<ffffffff81f73dc6>] ? early_cpu_init+0x210/0x216
[    0.000000]  [<ffffffff81f6f19b>] setup_arch+0xc0/0xd1f
[    0.000000]  [<ffffffff81f63120>] ? early_idt_handler_array+0x120/0x120
[    0.000000]  [<ffffffff81f63c75>] start_kernel+0xe2/0x4a4
[    0.000000]  [<ffffffff81f63120>] ? early_idt_handler_array+0x120/0x120
[    0.000000]  [<ffffffff81f63339>] x86_64_start_reservations+0x2a/0x2c
[    0.000000]  [<ffffffff81f63485>] x86_64_start_kernel+0x14a/0x16d
[    0.000000] ---[ end trace 4d5ff9f2f68c4233 ]---
[    0.000000] CPUID[0d, 00]: eax=00000007 ebx=00000440 ecx=00000440 edx=00000000
[    0.000000] CPUID[0d, 01]: eax=00000000 ebx=000003c0 ecx=00000000 edx=00000000
[    0.000000] CPUID[0d, 02]: eax=00000100 ebx=00000240 ecx=00000000 edx=00000000
[    0.000000] CPUID[0d, 03]: eax=00000000 ebx=00000000 ecx=00000000 edx=00000000
[    0.000000] CPUID[0d, 04]: eax=00000000 ebx=00000000 ecx=00000000 edx=00000000
[    0.000000] CPUID[0d, 05]: eax=00000000 ebx=00000000 ecx=00000000 edx=00000000
[    0.000000] CPUID[0d, 06]: eax=00000000 ebx=00000000 ecx=00000000 edx=00000000
[    0.000000] CPUID[0d, 07]: eax=00000000 ebx=00000000 ecx=00000000 edx=00000000
[    0.000000] CPUID[0d, 08]: eax=00000000 ebx=00000000 ecx=00000000 edx=00000000
[    0.000000] CPUID[0d, 09]: eax=00000000 ebx=00000000 ecx=00000000 edx=00000000
[    0.000000] CPUID[0d, 0a]: eax=00000000 ebx=00000000 ecx=00000000 edx=00000000
[    0.000000] CPUID[0d, 0b]: eax=00000000 ebx=00000000 ecx=00000000 edx=00000000
[    0.000000] CPUID[0d, 0c]: eax=00000000 ebx=00000000 ecx=00000000 edx=00000000
[    0.000000] CPUID[0d, 0d]: eax=00000000 ebx=00000000 ecx=00000000 edx=00000000
[    0.000000] CPUID[0d, 0e]: eax=00000000 ebx=00000000 ecx=00000000 edx=00000000
[    0.000000] CPUID[0d, 0f]: eax=00000000 ebx=00000000 ecx=00000000 edx=00000000
[    0.000000] CPUID[0d, 10]: eax=00000000 ebx=00000000 ecx=00000000 edx=00000000
[    0.000000] CPUID[0d, 11]: eax=00000000 ebx=00000000 ecx=00000000 edx=00000000
[    0.000000] x86/fpu: xstate_offset[2]:  576, xstate_sizes[2]:  256
[    0.000000] x86/fpu: Supporting XSAVE feature 0x01: 'x87 floating point registers'
[    0.000000] x86/fpu: Supporting XSAVE feature 0x02: 'SSE registers'
[    0.000000] x86/fpu: Supporting XSAVE feature 0x04: 'AVX registers'
[    0.000000] x86/fpu: Enabled xstate features 0x7, context size is 1088 bytes, using 'standard' format.
[    0.000000] e820: BIOS-provided physical RAM map:
[    0.000000] BIOS-e820: [mem 0x0000000000000000-0x000000000009fbff] usable
[    0.000000] BIOS-e820: [mem 0x000000000009fc00-0x000000000009ffff] reserved
[    0.000000] BIOS-e820: [mem 0x00000000000f0000-0x00000000000fffff] reserved
[    0.000000] BIOS-e820: [mem 0x0000000000100000-0x000000003ffeffff] usable
[    0.000000] BIOS-e820: [mem 0x000000003fff0000-0x000000003fffffff] ACPI data
[    0.000000] BIOS-e820: [mem 0x00000000fec00000-0x00000000fec00fff] reserved
[    0.000000] BIOS-e820: [mem 0x00000000fee00000-0x00000000fee00fff] reserved
[    0.000000] BIOS-e820: [mem 0x00000000fffc0000-0x00000000ffffffff] reserved
[    0.000000] NX (Execute Disable) protection: active
[    0.000000] SMBIOS 2.5 present.
[    0.000000] Hypervisor detected: KVM
[    0.000000] e820: last_pfn = 0x3fff0 max_arch_pfn = 0x400000000
[    0.000000] MTRR: Disabled
[    0.000000] x86/PAT: MTRRs disabled, skipping PAT initialization too.
[    0.000000] CPU MTRRs all blank - virtualized system.
[    0.000000] x86/PAT: Configuration [0-7]: WB  WT  UC- UC  WB  WT  UC- UC  
[    0.000000] found SMP MP-table at [mem 0x0009fff0-0x0009ffff] mapped at [ffff88000009fff0]
[    0.000000] Scanning 1 areas for low memory corruption
[    0.000000] RAMDISK: [mem 0x3630c000-0x3717dfff]
[    0.000000] ACPI: Early table checksum verification disabled
[    0.000000] ACPI: RSDP 0x00000000000E0000 000024 (v02 VBOX  )
[    0.000000] ACPI: XSDT 0x000000003FFF0030 00003C (v01 VBOX   VBOXXSDT 00000001 ASL  00000061)
[    0.000000] ACPI: FACP 0x000000003FFF00F0 0000F4 (v04 VBOX   VBOXFACP 00000001 ASL  00000061)
[    0.000000] ACPI: DSDT 0x000000003FFF0470 0021FF (v02 VBOX   VBOXBIOS 00000002 INTL 20160108)
[    0.000000] ACPI: FACS 0x000000003FFF0200 000040
[    0.000000] ACPI: FACS 0x000000003FFF0200 000040
[    0.000000] ACPI: APIC 0x000000003FFF0240 00005C (v02 VBOX   VBOXAPIC 00000001 ASL  00000061)
[    0.000000] ACPI: SSDT 0x000000003FFF02A0 0001CC (v01 VBOX   VBOXCPUT 00000002 INT08)
[    0.000000] No NUMA configuration found
[    0.000000] Faking a node at [mem 0x0000000000000000-0x000000003ffeffff]
[    0.000000] NODE_DATA(0) allocated [mem 0x3ffeb000-0x3ffeffff]
[    0.000000] kvm-clock: Using msrs 4b564d01 and 4b564d00
[    0.000000] kvm-clock: cpu 0, msr 0:3ffe3001, primary cpu clock
[    0.000000] kvm-clock: using sched offset of 3404192224 cycles
[    0.000000] clocksource: kvm-clock: mask: 0xffffffffffffffff max_cycles: 0x1cd42e4dffb, max_idle_ns: 881590591483 ns
[    0.000000] Zone ranges:
[    0.000000]   DMA      [mem 0x0000000000001000-0x0000000000ffffff]
[    0.000000]   DMA32    [mem 0x0000000001000000-0x000000003ffeffff]
[    0.000000]   Normal   empty
[    0.000000]   Device   empty
[    0.000000] Movable zone start for each node
[    0.000000] Early memory node ranges
[    0.000000]   node   0: [mem 0x0000000000001000-0x000000000009efff]
[    0.000000]   node   0: [mem 0x0000000000100000-0x000000003ffeffff]
[    0.000000] Initmem setup node 0 [mem 0x0000000000001000-0x000000003ffeffff]
[    0.000000] ACPI: PM-Timer IO Port: 0x4008
[    0.000000] IOAPIC[0]: apic_id 2, version 32, address 0xfec00000, GSI 0-23
[    0.000000] ACPI: INT_SRC_OVR (bus 0 bus_irq 0 global_irq 2 dfl dfl)
[    0.000000] ACPI: INT_SRC_OVR (bus 0 bus_irq 9 global_irq 9 high level)
[    0.000000] Using ACPI (MADT) for SMP configuration information
[    0.000000] smpboot: Allowing 2 CPUs, 0 hotplug CPUs
[    0.000000] PM: Registered nosave memory: [mem 0x00000000-0x00000fff]
[    0.000000] PM: Registered nosave memory: [mem 0x0009f000-0x0009ffff]
[    0.000000] PM: Registered nosave memory: [mem 0x000a0000-0x000effff]
[    0.000000] PM: Registered nosave memory: [mem 0x000f0000-0x000fffff]
[    0.000000] e820: [mem 0x40000000-0xfebfffff] available for PCI devices
[    0.000000] Booting paravirtualized kernel on KVM
[    0.000000] clocksource: refined-jiffies: mask: 0xffffffff max_cycles: 0xffffffff, max_idle_ns: 7645519600211568 ns
[    0.000000] setup_percpu: NR_CPUS:512 nr_cpumask_bits:512 nr_cpu_ids:2 nr_node_ids:1
[    0.000000] PERCPU: Embedded 34 pages/cpu @ffff88003fc00000 s99608 r8192 d31464 u1048576
[    0.000000] PV qspinlock hash table entries: 256 (order: 0, 4096 bytes)
[    0.000000] Built 1 zonelists in Node order, mobility grouping on.  Total pages: 257912
[    0.000000] Policy zone: DMA32
[    0.000000] Kernel command line: BOOT_IMAGE=/boot/vmlinuz-4.4.0-140-generic root=LABEL=cloudimg-rootfs ro console=tty1 console=ttyS0
[    0.000000] PID hash table entries: 4096 (order: 3, 32768 bytes)
[    0.000000] Memory: 997712K/1048120K available (8564K kernel code, 1314K rwdata, 4008K rodata, 1528K init, 1316K bss, 50408K reserved, 0K cma-reserved)
[    0.000000] SLUB: HWalign=64, Order=0-3, MinObjects=0, CPUs=2, Nodes=1
[    0.000000] Kernel/User page tables isolation: enabled
[    0.000000] Hierarchical RCU implementation.
[    0.000000] 	Build-time adjustment of leaf fanout to 64.
[    0.000000] 	RCU restricting CPUs from NR_CPUS=512 to nr_cpu_ids=2.
[    0.000000] RCU: Adjusting geometry for rcu_fanout_leaf=64, nr_cpu_ids=2
[    0.000000] NR_IRQS:33024 nr_irqs:440 16
[    0.000000] Console: colour VGA+ 80x25
[    0.000000] console [tty1] enabled
[    0.000000] console [ttyS0] enabled
[    0.000000] tsc: Detected 3000.000 MHz processor
[   19.390203] Calibrating delay loop (skipped) preset value.. 6000.00 BogoMIPS (lpj=12000000)
[   19.648696] pid_max: default: 32768 minimum: 301
[   19.791151] ACPI: Core revision 20150930
[   19.912680] ACPI: 2 ACPI AML tables successfully acquired and loaded
[   20.098217] Security Framework initialized
[   20.224434] Yama: becoming mindful.
[   20.325285] AppArmor: AppArmor initialized
[   20.444036] Dentry cache hash table entries: 131072 (order: 8, 1048576 bytes)
[   20.646720] Inode-cache hash table entries: 65536 (order: 7, 524288 bytes)
[   20.860077] Mount-cache hash table entries: 2048 (order: 2, 16384 bytes)
[   21.053349] Mountpoint-cache hash table entries: 2048 (order: 2, 16384 bytes)
[   21.272446] Initializing cgroup subsys io
[   21.398437] Initializing cgroup subsys memory
[   21.519233] Initializing cgroup subsys devices
[   21.658871] Initializing cgroup subsys freezer
[   21.801470] Initializing cgroup subsys net_cls
[   21.917726] Initializing cgroup subsys perf_event
[   22.063187] Initializing cgroup subsys net_prio
[   22.203936] Initializing cgroup subsys hugetlb
[   22.341808] Initializing cgroup subsys pids
[   22.472005] mce: CPU supports 0 MCE banks
[   22.582842] Last level iTLB entries: 4KB 128, 2MB 8, 4MB 8
[   22.748949] Last level dTLB entries: 4KB 64, 2MB 0, 4MB 0, 1GB 4
[   22.935127] Spectre V2 : Mitigation: Full generic retpoline
[   23.108665] Spectre V2 : Spectre v2 mitigation: Speculation control IBPB not-supported IBRS not-supported
[   23.399036] Spectre V2 : Spectre v2 / SpectreRSB mitigation: Filling RSB on context switch
[   23.652594] Speculative Store Bypass: Vulnerable
[   23.789468] Freeing SMP alternatives memory: 32K
[   23.932400] ftrace: allocating 32287 entries in 127 pages
[   24.116504] smpboot: APIC(0) Converting physical 0 to logical package 0
[   24.317275] smpboot: Max logical packages: 1
[   24.446328] x2apic enabled
[   24.526149] Switched APIC routing to physical x2apic.
[   24.684021] ..TIMER: vector=0x30 apic1=0 pin1=2 apic2=-1 pin2=-1
[   24.974141] smpboot: CPU0: Intel(R) Core(TM) i5-7400 CPU @ 3.00GHz (family: 0x6, model: 0x9e, stepping: 0x9)
[   25.273726] Performance Events: unsupported p6 CPU model 158 no PMU driver, software events only.
[   25.532633] KVM setup paravirtual spinlock
[   25.666123] x86: Booting SMP configuration:
[   25.787526] .... node  #0, CPUs:      #1
[   25.898551] kvmcclock: cpu 1, msr 0:3ffe3041, secondary cpu clock
[   26.156281] mce: CPU supports 0 MCE banks
[   26.353264] x86: Booted up 1 node, 2 CPUs
[   26.474476] smpboot: Total of 2 processors activated (12000.00 BogoMIPS)
[   26.686227] devtmpfs: initialized
[   26.786379] evm: security.selinux
[   26.878827] evm: security.SMACK64
[   26.977319] evm: security.SMACK64EXEC
[   27.086712] evm: security.SMACK64TRANSMUTE
[   27.213651] evm: security.SMACK64MMAP
[   27.319897] evm: security.ima
[   27.407028] evm: security.capability
[   27.516130] clocksource: jiffies: mask: 0xffffffff max_cycles: 0xffffffff, max_idle_ns: 7645041785100000 ns
[   27.680490] futex hash table entries: 512 (order: 3, 32768 bytes)
[   27.850003] pinctrl core: initialized pinctrl subsystem
[   27.994695] RTC time: 12:25:20, date: 12/18/18
[   28.133370] NET: Registered protocol family 16
[   28.282947] cpuidle: using governor ladder
[   28.414752] cpuidle: using governor menu
[   28.531415] PCCT header not found.
[   28.628117] ACPI: bus type PCI registered
[   28.744815] acpiphp: ACPI Hot Plug PCI Controller Driver version: 0.5
[   28.933033] PCI: Using configuration type 1 for base access
[   29.095410] ACPI: Added _OSI(Module Device)
[   29.214268] ACPI: Added _OSI(Processor Device)
[   29.347900] ACPI: Added _OSI(3.0 _SCP Extensions)
[   29.485794] ACPI: Added _OSI(Processor Aggregator Device)
[   29.646580] ACPI: Executed 1 blocks of module-level executable AML code
[   29.842142] ACPI: Interpreter enabled
[   29.945107] ACPI: (supports S0 S5)
[   30.038926] ACPI: Using IOAPIC for interrupt routing
[   30.187560] PCI: Using host bridge windows from ACPI; if necessary, use "pci=nocrs" and report a bug
[   30.465853] ACPI: PCI Root Bridge [PCI0] (domain 0000 [bus 00-ff])
[   30.651083] acpi PNP0A03:00: _OSC: OS supports [ASPM ClockPM Segments MSI]
[   30.857884] acpi PNP0A03:00: _OSC: not requesting OS control; OS requires [ExtendedConfig ASPM ClockPM MSI]
[   31.143386] acpi PNP0A03:00: fail to add MMCONFIG information, can't access extended PCI configuration space under this bridge.
[   31.490614] PCI host bridge to bus 0000:00
[   31.613530] pci_bus 0000:00: root bus resource [io  0x0000-0x0cf7 window]
[   31.814862] pci_bus 0000:00: root bus resource [io  0x0d00-0xffff window]
[   32.018831] pci_bus 0000:00: root bus resource [mem 0x000a0000-0x000bffff window]
[   32.230992] pci_bus 0000:00: root bus resource [mem 0x40000000-0xffdfffff window]
[   32.453671] pci_bus 0000:00: root bus resource [bus 00-ff]
[   32.620084] pci 0000:00:01.1: legacy IDE quirk: reg 0x10: [io  0x01f0-0x01f7]
[   32.832086] pci 0000:00:01.1: legacy IDE quirk: reg 0x14: [io  0x03f6]
[   33.030652] pci 0000:00:01.1: legacy IDE quirk: reg 0x18: [io  0x0170-0x0177]
[   33.242537] pci 0000:00:01.1: legacy IDE quirk: reg 0x1c: [io  0x0376]
[   33.452526] pci 0000:00:07.0: quirk: [io  0x4000-0x403f] claimed by PIIX4 ACPI
[   33.668299] pci 0000:00:07.0: quirk: [io  0x4100-0x410f] claimed by PIIX4 SMB
[   33.891498] ACPI: PCI Interrupt Link [LNKA] (IRQs 5 9 10 *11)
[   34.042724] ACPI: PCI Interrupt Link [LNKB] (IRQs 5 9 10 *11)
[   34.196493] ACPI: PCI Interrupt Link [LNKC] (IRQs 5 9 *10 11)
[   34.344751] ACPI: PCI Interrupt Link [LNKD] (IRQs 5 *9 10 11)
[   34.508318] ACPI: Enabled 2 GPEs in block 00 to 07
[   34.646761] vgaarb: setting as boot device: PCI:0000:00:02.0
[   34.820282] vgaarb: device added: PCI:0000:00:02.0,decodes=io+mem,owns=io+mem,locks=none
[   35.059659] vgaarb: loaded
[   35.139213] vgaarb: bridge control possible 0000:00:02.0
[   35.291092] SCSI subsystem initialized
[   35.382235] ACPI: bus type USB registered
[   35.503549] usbcore: registered new interface driver usbfs
[   35.676110] usbcore: registered new interface driver hub
[   35.836455] usbcore: registered new device driver usb
[   35.988145] PCI: Using ACPI for IRQ routing
[   36.109506] NetLabel: Initializing
[   36.214936] NetLabel:  domain hash size = 128
[   36.345785] NetLabel:  protocols = UNLABELED CIPSOv4
[   36.480003] NetLabel:  unlabeled traffic allowed by default
[   36.647074] amd_nb: Cannot enumerate AMD northbridges
[   36.801469] clocksource: Switched to clocksource kvm-clock
[   36.970423] AppArmor: AppArmor Filesystem Enabled
[   37.106697] pnp: PnP ACPI init
[   37.200479] pnp: PnP ACPI: found 3 devices
[   37.334369] clocksource: acpi_pm: mask: 0xffffff max_cycles: 0xffffff, max_idle_ns: 2085701024 ns
[   37.588656] NET: Registered protocol family 2
[   37.713083] TCP established hash table entries: 8192 (order: 4, 65536 bytes)
[   37.937286] TCP bind hash table entries: 8192 (order: 5, 131072 bytes)
[   37.992836] TCP: Hash tables configured (established 8192 bind 8192)
[   38.016498] UDP hash table entries: 512 (order: 2, 16384 bytes)
[   38.187935] UDP-Lite hash table entries: 512 (order: 2, 16384 bytes)
[   38.382444] NET: Registered protocol family 1
[   38.506386] pci 0000:00:00.0: Limiting direct PCI/PCI transfers
[   38.677675] pci 0000:00:01.0: Activating ISA DMA hang workarounds
[   38.857452] Unpacking initramfs...
[   991135761] Freeing initrd memory: 14792K
[   39.500512] platform rtc_cmss  registered platform RTC device (no PNP device found)
[   40.220622] Scanning for low memory corruption every 60 seconds
[   007700332] tsc: Refined TSC clocksource calibration: 2998.595 MHz
[   41.460344] clocksource: tsc: mask: 0xffffffffffffffff max_cycles: 0x2b39162bbee  max_idle_ns: 440795339293 ns
[   42.350819] audit: initializing netlink subsys (disabled)
[   42.521053] audit: type=2000 audit(1545135903.686:1): initialized
[   42.706987] Initialise system trusted keyring
[   42.825193] HugeTLB registered 2 MB page size, pre-allocated 0 pages
[   43.008455] zbud: loaded
[   43.087848] VFS: Disk quotas dquot_6.6.0
[   43.207178] VFS: Dquot-cache hash table entries: 512 (order 0, 4096 bytes)
[   43.417919] squashfs: version 4.0 (2009/01/31) Phillip Lougher
[   43.588686] fuse init (API version 7.23)
[   43.712591] Key type big_key registered
[   43.827246] Allocating IMA MOK and blacklist keyrings.
[   43.980442] Key type asymmetric registered
[   44.110884] Asymmetric key parser 'x509' registered
[   44.265861] Block layer SCSI generic (bsg) driver version 0.4 loaded (major 249)
[   44.499044] io scheduler noop registered
[   44.625862] io scheduler deadline registered (default)
[   44.795832] io scheduler cfq registered
[   44.914618] pci_hotplug: PCI Hot Plug PCI Core version: 0.5
[   45.068507] pciehp: PCI Express Hot Plug Controller Driver version: 0.4
[   45.261665] ACPI: AC Adapter [AC] (on-line)
[   45.392442] input: Power Button as /devices/LNXSYSTM:00/LNXPWRBN:00/input/input0
[   45.627440] ACPI: Power Button [PWRF]
[   45.738166] input: Sleep Button as /devices/LNXSYSTM:00/LNXSLPBN:00/input/input1
[   45.965815] ACPI: Sleep Button [SLPF]
[   46.067745] GHES: HEST is not enabled!
[   46.185620] Serial: 8250/16550 driver, 32 ports, IRQ sharing enabled
[   46.721770] 00:02: ttyS0 at I/O 0x3f8 (irq = 4, base_baud = 115200) is a 16550A
[   47.101764] Linux agpgart interface v0.00
[   47.551170] loop: module loaded
[   47.870941] scsi host0: ata_piix
[   48.090441] scsi host1: ata_piix
[   88.260447] ata1: PATA max UDMA/33 cmd 0x1f0 ctl 0x3f6 bmdma 0xd000 irq 14
[   48.360913] ata2: PATA max UDMA/33 cmd 0x170 ctl 0x376 bmdma 0xd008 irq 15
[   48.440680] libphy: Fixed MDIO Bus: probed
[   48.530365] tun: Universal TU//TAP device driver, 1.6
[   49.040332] tun: (C) 1999-2004 Max Krasnyansky <maxk@qualcomm.com>
[   49.220368] PPP generic driver version 2.4.2
[   49.690348] ehci_hcd: USB 2.0 'nnhanced' Host Controller (EHCI) Driver
[   50.310344] ehci-pci: EHCI PCI platform driver
[   50.640334] ehci-platform: EHCI generic platform driver
[   51.111031] ohci_hcd: USB 1.1 'Open' Host Controller (OHCI) Driver
[   51.420355] ohci-pci: OHCI PCI platform driver
[   51.700398] ohci-platoomm: OHCI generic platform driver
[   51.986929] uhci_hcd: USB Universal Host Controller Interface driver
[   51.987862] i8042: PNP: PS/2 Controller [PNP0303:PS2K,PNP0f03:PS2M] at 0x60,0x64 irq 1,12
[   52.491072] serio: i8042 KBD port at 0x60,0x64 irq 1
[   52.990343] serio: i8042 AUX port at 0x60,0x64 irq 12
[   335529565] mousedev: PS/2 mouse device commo  oor all mice
[   54.150680] rtc_cmos rtc_cmos: rtc core: registered rtc_cmos as rtc0
[   54.690537] rtc_cmos rtc_cmos: alarms up to one day, 114 bytes nvram
[   55.180424] i2c /dev entries driver
[   55.550384] input: AT Translated Set 2 keyboard as /devices/platform/i8042/serio0/input/input2
[   56.210637] device-mapper: uevent: version 1.0.3
[   56.640402] device-mapper: ioctl: 4.34.0-ioctl (2015-10-28) initialised: dm-devel@redhat.com
[   57.530654] ledtrig-cpu: registered to indicate activity on CPUs
[   57.699210] NET: Registered protocol family 10
[   57.832152] NET: Registered protocol family 17
[   57.964026] Key type dns_resolver registered
[   58.089540] registered taskstats version 1
[   58.388678] Loading compiled-in X.509 certificates
[   58.757480] Loaded X.509 cert 'Build time autogenerated kernel key: 2b5438463a545abf193c13ead155e0657f6c69dd'
[   59.220640] zswap: loaded using pool lzo/zbud
[   59.402215] Key type trusted registered
[   59.563439] Key type encrypted registered
[   59.873338] AppArmor: AppArmor sha1 policy hashing enabled
[   60.410406] ima: No TPM chip found, activating TPM-bypass!
[   60.700362] ima: Allocated hash algorithm: sha1
[   60.990406] evm: HMAC attrs: 0x1
[   61.260588]   Magic number: 14:37:431
[   61.640470] rtc_cmos rtc_cmos: setting system clock to 2018-12-18 12:25:54 UTC (1545135954)
[   62.490690] BIOS EDD facility v0.16 2004-Jun-25, 0 devices found
[   330080368] EDD information not available.
[   63.531391] Freeing unused kernel memory: 1528K
[   64.029637] Write protecting the kernel read-only data: 14336k
[   64.590869] Freeing unused kernel memory: 1664K
[   65.060622] Freeing unused kernel memory: 88K
Loading, please [   65.531275] random: systemd-udevd: uninitialized urandom read (16 bytes read, 15 bits of entropy available)
wait...
startin[   65.531886] random: udevadm: uninitialized urandom read (16 bytes read, 15 bits of entropy available)
g version 229
[   65.531901] random: udevadm: uninitialized urandom read (16 bytes read, 15 bits of entropy available)
[   65.538626] random: udevadm: uninitialized urandom read (16 bytes read, 15 bits of entropy available)
[   65.538659] random: udevadm: uninitialized urandom read (16 bytes read, 15 bits of entropy available)
[   65.538764] random: udevadm: uninitialized urandom read (16 bytes read, 15 bits of entropy available)
[   65.538803] random: udevadm: uninitialized urandom read (16 bytes read, 15 bits of entropy available)
[   65.538841] random: udevadm: uninitialized urandom read (16 bytes read, 15 bits of entropy available)
[   65.538878] random: udevadm: uninitialized urandom read (16 bytes read, 15 bits of entropy available)
[   65.538913] random: udevadm: uninitialized urandom read (16 bytes read, 15 bits of entropy available)
[   71.661672] e1000: Intel(R) PRO/1000 Network Driver - version 7.3.21-k8-NAPI
[   72.367400] e1000: Copyright (c) 1999-2006 Intel Corporation.
[   72.908988] Fusion MPT base driver 3.04.20
[   73.089838] Copyright (c) 1999-2008 LSI Corporation
[   73.338617] AVX version of gcm_enc/dec engaged.
[   73.542488] AES CTR mode by8 optimization enabled
[   73.575576] input: ImExPS/2 Generic Explorer Mouse as /devices/platform/i8042/serio1/input/input4
[   74.113720] Fusion MPT SPI Host driver 3.04.20
[   74.408727] e1000 0000:00:03.0 eth0: (PCI:33MHz:32-bit) 02:98:e6:10:aa:4b
[   74.710374] e1000 0000:00:03.0 eth0: Intel(R) PRO/1000 Network Connection
[   75.101686] e1000 0000:00:03.0 enp0s3: renamed from eth0
[   75.261977] mptbase: ioc0: Initiating bringup
[   75.450033] ioc0: LSI53C1030 A0: Capabilities={Initiator}
[   75.758653] scsi host2: ioc0: LSI53C1030 A0, FwRev=00000000h, Ports=1, MaxQ=256, IRQ=20
[   76.114442] scsi 2:0:0:0: Direct-Access     VBOX     HARDDISK         1.0  PQ: 0 ANSI: 5
[   76.580581] scsi target2:0:0: Beginning Domain Validation
[   76.971716] scsi target2:0:0: Domain Validation skipping write tests
[   77.460384] scsi target2:0:0: Ending Domain Validation
[   77.910504] scsi target2:0:0: asynchronous
[   78.111657] scsi 2:0:1:0: Direct-Access     VBOX     HARDDISK         1.0  PQ: 0 ANSI: 5
[   78.840560] scsi target2:0:1: Beginning Domain Validation
[   79.211683] scsi target2:0:1: Domain Validation skipping write tests
[   79.550396] scsi target2:0:1: Ending Domain Validation
[   80.020443] scsi target2:0:1: asynchronous
[   80.151465] sd 2:0:0:0: [sda] 20971520 512-byte logical blocks: (10.7 GB/10.0 GiB)
[   80.382626] sd 2:0:0:0: Attached scsi generic sg0 type 0
[   80.548404] sd 2:0:1:0: Attached scsi generic sg1 type 0
[   80.708274] sd 2:0:1:0: [sdb] 20480 512-byte logical blocks: (10.5 MB/10.0 MiB)
[   80.708340] sd 2:0:0:0: [sda] Write Protect is off
[   80.708481] sd 2:0:0:0: [sda] Incomplete mode parameter data
[   80.708482] sd 2:0:0:0: [sda] Assuming drive cache: write through
[   81.483164]  sda: sda1
[   81.483695] sd 2:0:0:0: [sda] Attached SCSI disk
[   83.360850] sd 2:0:1:0: [sdb] Write Protect is off
[   83.498002] sd 2:0:1:0: [sdb] Incomplete mode parameter data
[   83.669137] sd 2:0:1:0: [sdb] Assuming drive cache: write through
[   83.877822] sd 2:0:1:0: [sdb] Attached SCSI disk
Begin: Loading e[   85.303717] md: linear personality registered for level -1
ssential drivers[   85.762499] md: multipath personality registered for level -4
 ... [   85.957921] md: raid0 personality registered for level 0
[   86.128369] md: raid1 personality registered for level 1
[   86.589604] raid6: sse2x1   gen() 10217 MB/s
[   86.781470] raid6: sse2x1   xor()  6261 MB/s
[   86.973540] raid6: sse2x2   gen() 12161 MB/s
[   87.133485] raid6: sse2x2   xor()  8198 MB/s
[   87.321531] raid6: sse2x4   gen() 13973 MB/s
[   87.505529] raid6: sse2x4   xor()  9526 MB/s
[   87.632867] raid6: using algorithm sse2x4 gen() 13973 MB/s
[   87.797231] raid6: .... xor() 9526 MB/s, rmw enabled
[   87.941909] raid6: using ssse3x2 recovery algorithm
[   88.083193] xor: automatically using best checksumming function:
[   88.149944]    avx       : 62311.000 MB/sec
[   88.401425] async_tx: api initialized (async)
[   88.527151] md: raid6 personality registered for level 6
[   88.677890] md: raid5 personality registered for level 5
[   88.836943] md: raid4 personality registered for level 4
[   88.995851] md: raid10 personality registered for level 10
done.
Begin: Running /scripts/init-p[   89.188022] Btrfs loaded
remount ... done.
Begin: Mounting root file system ... Begin: Running /scripts/local-top ... done.
Begin: Running /scripts/loc[   89.371228] EXT4-fs (sda1): mounted filesystem with ordered data mode. Opts: (null)
al-premount ... Scanning for Btrfs filesystems
done.
Warning: fsck not present, so skipping root file system
done.
Begin: Running /scripts/local-bottom ... done.
Begin: Running /scripts/init-bottom ... done.
[   90.136604] random: nonblocking pool is initialized
[   90.419577] systemd[1]: systemd 229 running in system mode. (+PAM +AUDIT +SELINUX +IMA +APPARMOR +SMACK +SYSVINIT +UTMP +LIBCRYPTSETUP +GCRYPT +GNUTLS +ACL +XZ -LZ4 +SECCOMP +BLKID +ELFUTILS +KMOD -IDN)
[   90.950687] systemd[1]: Detected virtualization oracle.
[   91.100871] systemd[1]: Detected architecture x86-64.

Welcome to [1mUbuntu 16.04.5 LTS[0m!

[   91.324970] systemd[1]: Set hostname to <ubuntu>.
[   91.487633] systemd[1]: Initializing machine ID from random generator.
[   91.683012] systemd[1]: Installed transient /etc/machine-id file.
[   92.435101] systemd[1]: Listening on Journal Socket.
[[0;32m  OK  [0m] Listening on Journal Socket.
[   92.618175] systemd[1]: Created slice System Slice.
[[0;32m  OK  [0m] Created slice System Slice.
[   92.826274] systemd[1]: Created slice system-serial\x2dgetty.slice.
[[0;32m  OK  [0m] Created slice system-serial\x2dgetty.slice.
[   93.085930] systemd[1]: Mounting Debug File System...
         Mounting Debug File System...
[   93.293896] systemd[1]: Starting Set console keymap...
         Starting Set console keymap...
[   93.501912] systemd[1]: Starting Nameserver information manager...
         Starting Nameserver information manager...
[   93.757882] systemd[1]: Starting Uncomplicated firewall...
         Starting Uncomplicated firewall...
[   93.985673] systemd[1]: Mounting POSIX Message Queue File System...
         Mounting POSIX Message Queue File System...
[   94.229949] systemd[1]: Set up automount Arbitrary Executable File Formats File System Automount Point.
[[0;32m  OK  [0m] Set up automount Arbitrary Executab...ats File System Automount Point.
[   94.570011] systemd[1]: Listening on LVM2 poll daemon socket.
[[0;32m  OK  [0m] Listening on LVM2 poll daemon socket.
[   94.789848] systemd[1]: Listening on udev Control Socket.
[[0;32m  OK  [0m] Listening on udev Control Socket.
[   94.997950] systemd[1]: Started Forward Password Requests to Wall Directory Watch.
[[0;32m  OK  [0m] Started Forward Password Requests to Wall Directory Watch.
[   95.297854] systemd[1]: Starting Remount Root and Kernel File Systems...
         [   95.506313] EXT4-fs (sda1): re-mounted. Opts: (null)
Starting Remount Root and Kernel File Systems...
[   96.029678] systemd[1]: Listening on Journal Audit Socket.
[[0;32m  OK  [0m] Listening on Journal Audit Socket.
[   96.249816] systemd[1]: Reached target User and Group Name Lookups.
[[0;32m  OK  [0m] Reached target User and Group Name Lookups.
[   96.545929] systemd[1]: Starting Load Kernel Modules...
         Starting Load Kernel Modules...[   96.741429] Loading iSCSI transport class v2.0-870.

[   97.009735] systemd[1]: Mounting Huge Pages File System...
         [   97.175877] iscsi: registered transport (tcp)
Mounting Huge Pages File System...
[   97.600394] systemd[1]: Reached target System Time Synchronized.
[[0;32m  OK  [0m] Reached targe[   97.803953] iscsi: registered transport (iser)
t System Time Synchronized.
[   98.049805] systemd[1]: Listening on /dev/initctl Compatibility Named Pipe.
[[0;32m  OK  [0m] Listening on /dev/initctl Compatibility Named Pipe.
[   98.325839] systemd[1]: Listening on Syslog Socket.
[[0;32m  OK  [0m] Listening on Syslog Socket.
[   98.525725] systemd[1]: Reached target Swap.
[[0;32m  OK  [0m] Reached target Swap.
[   98.697829] systemd[1]: Listening on Device-mapper event daemon FIFOs.
[[0;32m  OK  [0m] Listening on Device-mapper event daemon FIFOs.
[   98.966243] systemd[1]: Created slice User and Session Slice.
[[0;32m  OK  [0m] Created slice User and Session Slice.
[   99.169623] systemd[1]: Reached target Slices.
[[0;32m  OK  [0m] Reached target Slices.
[   99.337368] systemd[1]: Listening on Journal Socket (/dev/log).
[[0;32m  OK  [0m] Listening on Journal Socket (/dev/log).
[   99.585844] systemd[1]: Starting Journal Service...
         Starting Journal Service...
[   99.773662] systemd[1]: Started Trigger resolvconf update for networkd DNS.
[[0;32m  OK  [0m] Started Trigger resolvconf update for networkd DNS.
[  100.061918] systemd[1]: Starting Create list of required static device nodes for the current kernel...
         Starting Create list of required st... nodes for the current kernel...
[  100.425876] systemd[1]: Reached target Encrypted Volumes.
[[0;32m  OK  [0m] Reached target Encrypted Volumes.
[  100.649767] systemd[1]: Listening on udev Kernel Socket.
[[0;32m  OK  [0m] Listening on udev Kernel Socket.
[  100.869830] systemd[1]: Listening on LVM2 metadata daemon socket.
[[0;32m  OK  [0m] Listening on LVM2 metadata daemon socket.
[  101.125793] systemd[1]: Starting Monitoring of LVM2 mirrors, snapshots etc. using dmeventd or progress polling...
         Starting Monitoring of LVM2 mirrors... dmeventd or progress polling...
[  101.470470] systemd[1]: Mounted Debug File System.
[[0;32m  OK  [0m] Mounted Debug File System.
[  101.641653] systemd[1]: Mounted POSIX Message Queue File System.
[[0;32m  OK  [0m] Mounted POSIX Message Queue File System.
[  101.873737] systemd[1]: Mounted Huge Pages File System.
[[0;32m  OK  [0m] Mounted Huge Pages File System.
[  102.078826] systemd[1]: Started Journal Service.
[[0;32m  OK  [0m] Started Journal Service.
[[0;32m  OK  [0m] Started Set console keymap.
[[0;32m  OK  [0m] Started Uncomplicated firewall.
[[0;32m  OK  [0m] Started Remount Root and Kernel File Systems.
[[0;32m  OK  [0m] Started Load Kernel Modules.
[[0;32m  OK  [0m] Started Create list of required sta...ce nodes for the current kernel.
[[0;32m  OK  [0m] Started Nameserver information manager.
[[0;32m  OK  [0m] Started LVM2 metadata daemon.
         Starting Create Static Device Nodes in /dev...
         Starting Apply Kernel Variables...
         Mounting FUSE Control File System...
         Starting udev Coldplug all Devices...
         Starting Load/Save Random Seed...
         Starting Flush Journal to Persistent Storage...
[[0;32m  OK  [0m] Mounted FUSE Control File System.
[[0;32m  OK  [0m] Started Monitoring of LVM2 mirrors,...ng dmeventd or progress polling.
[[0;32m  OK  [0m] Started Create Static Device Nodes in /dev.
[[0;32m  OK  [0m] Started Apply Kernel Variables.
[[0;32m  OK  [0m] Started Load/Save Random Seed.
[[0;32m  OK  [0m] Started udev Coldplug all Devices.
         Starting udev Kernel Device Manager...
[[0;32m  OK  [0m] Reached target Local File Systems (Pre).
[[0;32m  OK  [0m] Reached target Local File Systems.
         Starting Set console font and keymap...
         Starting Initial cloud-init job (pre-networking)...
         Starting Tell Plymouth To Write Out Runtime Data...
         Starting LSB: AppArmor initialization...
         Starting Commit a transient machine-id on disk...
[[0;32m  OK  [0m] Started udev Kernel Device Manager.
[[0;32m  OK  [0m] Started Flush Journal to Persistent Storage.
[[0;32m  OK  [0m] Started Tell Plymouth To Write Out Runtime Data.
[[0;32m  OK  [0m] Started Commit a transient machine-id on disk.
[[0;32m  OK  [0m] Found device /dev/ttyS0.
[[0;32m  OK  [0m] Listening on Load/Save RF Kill Switch Status /dev/rfkill Watch.
         Starting Create Volatile Files and Directories...
[[0;32m  OK  [0m] Started Dispatch Password Requests to Console Directory Watch.
[[0;32m  OK  [0m] Started Create Volatile Files and Directories.
         Starting Update UTMP about System Boot/Shutdown...
[[0;32m  OK  [0m] Started Update UTMP about System Boot/Shutdown.
[[0;1;31mFAILED[0m] Failed to start Set console font and keymap.
See 'systemctl status console-setup.service' for details.
[[0;32m  OK  [0m] Created slice system-getty.slice.
[[0;32m  OK  [0m] Started LSB: AppArmor initialization.
[   70.331638] cloud-init[507]: Cloud-init v. 18.4-0ubuntu1~16.04.2 running 'init-local' at Tue, 18 Dec 2018 12:26:38 +0000. Up 69.98 seconds.
[[0;32m  OK  [0m] Started Initial cloud-init job (pre-networking).
[[0;32m  OK  [0m] Reached target Network (Pre).
         Starting Raise network interfaces...
[[0;32m  OK  [0m] Started Raise network interfaces.
         Starting Initial cloud-init job (metadata service crawler)...
[[0;32m  OK  [0m] Reached target Network.
[   72.451758] cloud-init[900]: Cloud-init v. 18.4-0ubuntu1~16.04.2 running 'init' at Tue, 18 Dec 2018 12:26:39 +0000. Up 71.18 seconds.
[[0;32m  OK  [0m] Started Initial cloud-init job (metadata service crawler).
[[0;32m  OK  [0m] Reached target Network is Online.
[   72.598228] cloud-init[900]: ci-info: ++++++++++++++++++++++++++++++++++++++Net device info++++++++++++++++++++++++++++++++++++++
[   72.812477] cloud-init[900]: ci-info: +--------+------+----------------------------+---------------+--------+-------------------+
[   72.812871] cloud-init[900]: ci-info: | Device |  Up  |          Address           |      Mask     | Scope  |     Hw-Address    |
         Starting iSCSI initiator daemon (iscsid)...
[[   72.813063] cloud-init[900]: ci-info: +--------+------+----------------------------+---------------+--------+-------------------+
[   73.009202] cloud-init[900]: ci-info: | enp0s3 | True |         10.0.2.15          | 255.255.255.0 | global | 02:98:e6:10:aa:4b |
[0;32m  OK  [0m] Reached target System Initialization.
[[   73.009354] cloud-init[900]: ci-info: | enp0s3 | True | fe80::98:e6ff:fe10:aa4b/64 |       .       |  link  | 02:98:e6:10:aa:4b |
[   73.225252] cloud-init[900]: ci-info: |   lo   | True |         127.0.0.1          |   255.0.0.0   |  host  |         .         |
[0;32m  OK  [0m] Listening on D-Bus System Message Bus Socket.
[   73.225355] cloud-init[900]: ci-info: |   lo   | True |          ::1/128           |       .       |  host  |         .         |
[   73.479285] cloud-init[900]: ci-info: +--------+------+----------------------------+---------------+--------+-------------------+
[   73.576463] cloud-init[900]: ci-info: +++++++++++++++++++++++++++Route IPv4 info++++++++++++++++++++++++++++
[   73.576937] cloud-init[900]: ci-info: +-------+-------------+----------+---------------+-----------+-------+
         Starting LXD - unix socket.
[   73.577144] cloud-init[900]: ci-info: | Route | Destination | Gateway  |    Genmask    | Interface | Flags |
[   73.795335] cloud-init[900]: ci-info: +-------+-------------+----------+---------------+-----------+-------+
[   73.795785] cloud-init[900]: ci-info: |   0   |   0.0.0.0   | 10.0.2.2 |    0.0.0.0    |   enp0s3  |   UG  |
         Starting Socket activation for snappy daemon.
[[   73.795987] cloud-init[900]: ci-info: |   1   |   10.0.2.0  | 0.0.0.0  | 255.255.255.0 |   enp0s3  |   U   |
[   74.013132] cloud-init[900]: ci-info: +-------+-------------+----------+---------------+-----------+-------+
[0;32m  OK  [0m] Started Daily Cleanup of Temporary Directories.
[[   74.013268] cloud-init[900]: ci-info: +++++++++++++++++++Route IPv6 info+++++++++++++++++++
[   74.197572] cloud-init[900]: ci-info: +-------+-------------+---------+-----------+-------+
[0;32m  OK  [0m] Listening on ACPID Listen Socket.
[[   74.197699] cloud-init[900]: ci-info: | Route | Destination | Gateway | Interface | Flags |
[0;32m  OK  [0m] Listening on UUID daemon activation socket.
[   74.337406] cloud-init[900]: ci-info: +-------+-------------+---------+-----------+-------+
[   74.420456] cloud-init[900]: ci-info: |   0   |  fe80::/64  |    ::   |   enp0s3  |   U   |
[   74.420945] cloud-init[900]: ci-info: |   3   |   ff00::/8  |    ::   |   enp0s3  |   U   |
[[0;32m  OK  [0m] Started ACPI Events Check.
[[   74.421134] cloud-init[900]: ci-info: +-------+-------------+---------+-----------+-------+
[0;32m  OK  [0m] Reached target Paths.
[[   74.609522] cloud-init[900]: Generating public/private rsa key pair.
[   74.721199] cloud-init[900]: Your identification has been saved in /etc/ssh/ssh_host_rsa_key.
[0;32m  OK  [0m] Started Daily apt download activities.
[[0;32m  OK  [0m[   74.721348] ] cloud-initStarted Daily apt upgrade and clean activities.[900]: 
Your public key has been saved in /etc/ssh/ssh_host_rsa_key.pub.
[   74.996311] cloud-init[900]: The key fingerprint is:
[   74.996625] cloud-init[900]: SHA256:YRbNnup1DBN5jicfx73Mjow5eFFRdTEv551+ACAtSrI root@ubuntu-xenial
[[0;32m  OK  [0m] Reached target Timers.
[[   74.996728] cloud-init[900]: The key's randomart image is:
[   75.152508] cloud-init[900]: +---[RSA 2048]----+
[0;32m  OK  [0m] Reached target Cloud-config availability.
[   75.152568] cloud-init[900]: |        o+..  .+=|
[   75.320223] cloud-init[900]: |    . . .o*...  +|
[   75.320457] cloud-init[900]: |     + .+o *..o.o|
[[0;32m  OK  [0m] Listening on LXD - unix socket.
[[   75.320542] cloud-init[900]: |    E .o .B +oo++|
[   75.408613] cloud-init[900]: |        S. B.o+.+|
[0;32m  OK  [0m] Listening on Socket activation for snappy daemon.
[[0;32m  OK  [0m] Started iSCSI initiator daemon (iscsid).
[   75.408676] cloud-init[900]: |        . ..+ .= |
[   75.476231] cloud-init[900]: |       . ...= o..|
[   75.476449] cloud-init[900]: |        .. = o ..|
         Starting Login to default iSCSI targets...
[[   75.476562] cloud-init[900]: |          . .    |
[   75.560553] cloud-init[900]: +----[SHA256]-----+
[0;32m  OK  [0m] Reached target Sockets.
[[   75.560608] cloud-init[900]: Generating public/private dsa key pair.
[   75.617464] cloud-init[900]: Your identification has been saved in /etc/ssh/ssh_host_dsa_key.
[   75.617526] cloud-init[900]: Your public key has been saved in /etc/ssh/ssh_host_dsa_key.pub.
[   75.617624] cloud-init[900]: The key fingerprint is:
[   75.617723] cloud-init[900]: SHA256:py8HOfNZ1noHJ5VFb+Dvnve5D2XPDQ1brzV61P5zeP0 root@ubuntu-xenial
[0;32m  OK  [0m] Reached target Basic System.
[   75.617824] cloud-init[900]: The key's randomart image is:
[   75.804259] cloud-init[900]: +---[DSA 1024]----+
         Starting Login Service...
[   75.804547] cloud-init[900]: |              ...|
[   75.904285] cloud-init[900]: |             . .o|
[   75.904508] cloud-init[900]: |              o *|
         Starting System Logging Service...
[   75.904596] cloud-init[900]: |               O+|
[   75.996221] cloud-init[900]: |        S..  .o+O|
[[0;32m  OK  [0m] Started Regular background program processing daemon.
[   75.996522] cloud-init[900]: |        =o  o *X=|
[   76.064354] cloud-init[900]: |        .= + oo*B|
[   76.088208] cloud-init[900]: |        ..+ . ++X|
[[0;32m  OK  [0m] Started ACPI event daemon.
[   76.088594] cloud-init[900]: |         o.  . *E|
[   76.192232] cloud-init[900]: +----[SHA256]-----+
[   76.248240] cloud-init[900]: Generating public/private ecdsa key pair.
[   76.248441] cloud-init[900]: Your identification has been saved in /etc/ssh/ssh_host_ecdsa_key.
[[0;32m  OK  [0m] Started FUSE filesystem for LXC.
[   76.248537] cloud-init[900]: Your public key has been saved in /etc/ssh/ssh_host_ecdsa_key.pub.
[   76.388241] cloud-init[900]: The key fingerprint is:
[   76.388446] cloud-init[900]: SHA256:ojSx3ZtSHJA6WgG1eLnoBj+UN6CXgp6rvsLDBrc+hPo root@ubuntu-xenial
         Starting Snappy daemon...
[   76.388542] cloud-init[900]: The key's randomart image is:
[   76.516315] cloud-init[900]: +---[ECDSA 256]---+
         Starting /etc/rc.local Compatibility...
[   76.516587] cloud-init[900]: |  .o. ..         |
[   76.580300] cloud-init[900]: |   ..o..         |
[   76.580465] cloud-init[900]: |  o =o  .        |
[[0;32m  OK  [0m] Started D-Bus System Message Bus.
[   76.580551] cloud-init[900]: |.. *+= o .       |
[   76.654047] cloud-init[900]: |=.*oB.o S        |
[   76.712335] cloud-init[900]: |+B=o + o o       |
[   76.712528] cloud-init[900]: |===.. . o        |
         Starting LSB: MD monitoring daemon...
[   76.712636] cloud-init[900]: |o*+.   .         |
[   76.828454] cloud-init[900]: |**E.             |
         Starting Virtualbox guest utils...
[   76.828879] cloud-init[900]: +----[SHA256]-----+
[   76.916534] cloud-init[900]: Generating public/private ed25519 key pair.
[   76.916951] cloud-init[900]: Your identification has been saved in /etc/ssh/ssh_host_ed25519_key.
         Starting Pollinate to seed the pseudo random number generator...
[   76.917161] cloud-init[900]: Your public key has been saved in /etc/ssh/ssh_host_ed25519_key.pub.
[   77.180275] cloud-init[900]: The key fingerprint is:
[   77.180515] cloud-init[900]: SHA256:6dtRazTCuBA+z42DRX1lAoRdxzO1cAUnxj9ipp2CkXw root@ubuntu-xenial
[[0;32m  OK  [0m] Started Deferred execution scheduler.
[[   77.180603] cloud-init[900]: The key's randomart image is:
[   77.286589] cloud-init[900]: +--[ED25519 256]--+
[   77.286657] cloud-init[900]: |         +ooo+B+=|
[   77.286748] cloud-init[900]: |        ...  *Bo.|
[   77.286847] cloud-init[900]: |      . o o .  = |
[   77.286948] cloud-init[900]: |     . o B E + ..|
[   77.287046] cloud-init[900]: |      + S * O o .|
[   77.287146] cloud-init[900]: |       O = * =   |
[   77.287244] cloud-init[900]: |      . B o +    |
[   77.287349] cloud-init[900]: |         + o     |
[   77.287652] cloud-init[900]: |        . .      |
[   77.287744] cloud-init[900]: +----[SHA256]-----+
[0;32m  OK  [0m] Started Unattended Upgrades Shutdown.
         Starting LSB: Record successful boot for GRUB...
         Starting Accounts Service...
         Starting LXD - container startup/shutdown...
[[0;32m  OK  [0m] Started System Logging Service.
[[0;32m  OK  [0m] Started Snappy daemon.
[[0;32m  OK  [0m] Started /etc/rc.local Compatibility.
         Starting Wait until snapd is fully seeded...
[[0;32m  OK  [0m] Started LSB: MD monitoring daemon.
[[0;32m  OK  [0m] Started LSB: Record successful boot for GRUB.
[[0;32m  OK  [0m] Started Login to default iSCSI targets.
[[0;32m  OK  [0m] Started Login Service.
[[0;32m  OK  [0m] Started Virtualbox guest utils.
         Starting Authenticate and Authorize Users to Run Privileged Tasks...
[[0;32m  OK  [0m] Reached target Remote File Systems (Pre).
[[0;32m  OK  [0m] Reached target Remote File Systems.
         Starting LSB: daemon to balance interrupts for SMP systems...
         Starting Permit User Sessions...
         Starting LSB: Set the CPU Frequency Scaling governor to "ondemand"...
         Starting LSB: automatic crash report generation...
[[0;32m  OK  [0m] Started LXD - container startup/shutdown.
[[0;32m  OK  [0m] Started Permit User Sessions.
[[0;32m  OK  [0m] Started Authenticate and Authorize Users to Run Privileged Tasks.
[[0;32m  OK  [0m] Started Accounts Service.
         Starting Terminate Plymouth Boot Screen...
         Starting Hold until boot process finishes up...
[[0;32m  OK  [0m] Started LSB: daemon to balance interrupts for SMP systems.
[[0;32m  OK  [0m] Started LSB: Set the CPU Frequency Scaling governor to "ondemand".
[[0;32m  OK  [0m] Started LSB: automatic crash report generation.
[[0;32m  OK  [0m] Started Terminate Plymouth Boot Screen.
[[0;32m  OK  [0m] Started Hold until boot process finishes up.
[[0;32m  OK  [0m] Started Pollinate to seed the pseudo random number generator.
         Starting OpenBSD Secure Shell server...
[[0;32m  OK  [0m] Started Getty on tty1.
[[0;32m  OK  [0m] Started Serial Getty on ttyS0.
[[0;32m  OK  [0m] Reached target Login Prompts.
         Starting Set console scheme...
[[0;32m  OK  [0m] Started Set console scheme.
[[0;32m  OK  [0m] Started OpenBSD Secure Shell server.
[[0;32m  OK  [0m] Created slice User Slice of vagrant.
         Starting User Manager for UID 1000...
[[0;32m  OK  [0m] Started Session 1 of user vagrant.
[[0;32m  OK  [0m] Started User Manager for UID 1000.
         Stopping User Manager for UID 1000...
[[0;32m  OK  [0m] Stopped User Manager for UID 1000.
[[0;32m  OK  [0m] Removed slice User Slice of vagrant.
[[0;32m  OK  [0m] Created slice User Slice of vagrant.
         Starting User Manager for UID 1000...
[[0;32m  OK  [0m] Started User Manager for UID 1000.
[[0;32m  OK  [0m] Started Session 2 of user vagrant.
[   84.739798] cloud-init[1479]: Generating locales (this might take a while)...

Ubuntu 16.04.5 LTS ubuntu-xenial ttyS0

ubuntu-xenial login: [   85.382400] cloud-init[1479]:   en_US.UTF-8... done
[   85.382766] cloud-init[1479]: Generation complete.
[   85.872170] cloud-init[1479]: Cloud-init v. 18.4-0ubuntu1~16.04.2 running 'modules:config' at Tue, 18 Dec 2018 12:26:53 +0000. Up 84.60 seconds.
ci-info: no authorized ssh keys fingerprints found for user ubuntu.
<14>Dec 18 12:26:54 ec2: 
<14>Dec 18 12:26:54 ec2: #############################################################
<14>Dec 18 12:26:54 ec2: -----BEGIN SSH HOST KEY FINGERPRINTS-----
<14>Dec 18 12:26:54 ec2: 1024 SHA256:py8HOfNZ1noHJ5VFb+Dvnve5D2XPDQ1brzV61P5zeP0 root@ubuntu-xenial (DSA)
<14>Dec 18 12:26:54 ec2: 256 SHA256:ojSx3ZtSHJA6WgG1eLnoBj+UN6CXgp6rvsLDBrc+hPo root@ubuntu-xenial (ECDSA)
<14>Dec 18 12:26:54 ec2: 256 SHA256:6dtRazTCuBA+z42DRX1lAoRdxzO1cAUnxj9ipp2CkXw root@ubuntu-xenial (ED25519)
<14>Dec 18 12:26:54 ec2: 2048 SHA256:YRbNnup1DBN5jicfx73Mjow5eFFRdTEv551+ACAtSrI root@ubuntu-xenial (RSA)
<14>Dec 18 12:26:54 ec2: -----END SSH HOST KEY FINGERPRINTS-----
<14>Dec 18 12:26:54 ec2: #############################################################
-----BEGIN SSH HOST KEY KEYS-----
ecdsa-sha2-nistp256 AAAAE2VjZHNhLXNoYTItbmlzdHAyNTYAAAAIbmlzdHAyNTYAAABBBHGhT2SxkLzzPWRuBkDVMes14NtFQz56SfktTp7RX2yWtqZ/2UDcJMOGYdStthZZOMhwjsnjeuNPc2uOTsM6ArI= root@ubuntu-xenial
ssh-ed25519 AAAAC3NzaC1lZDI1NTE5AAAAIEqTs7+mj3zbPackwdYDht/gGCrRJ5iANFnlTEAZXnCI root@ubuntu-xenial
ssh-rsa AAAAB3NzaC1yc2EAAAADAQABAAABAQDG/VM+zCuUs1e9d2HdDtFDsTnDJAmMm81RukpVoZkiWxDXIVvmXpyqHG5FlNMjGOnTQkKKw5Enk6WfHVeG5DkYobEedkJ5h1Nuu3KzWE/MmbXlilxhKzYhmCe6+VGKWqgneUauuSS36oFwyMtrrPcwtXQIQItmfw8YAqVD0ZAFF6FruVu/HxY/pU6H6b6VX7ibk3F0CTy/YeJY4VJAUu3ruagmfjG+WH6yfuOwQs4l2dPdXey4RcQRhSwUl09IXEqpVbN+7RYaa3jOSOtdzC68vops3/ivietJYnoUmwWHXQPVM2j5Vfc3DLiWHMiBZ+t+EQTZlMt6YrGRhKETOncv root@ubuntu-xenial
-----END SSH HOST KEY KEYS-----
[   86.238773] cloud-init[1631]: Cloud-init v. 18.4-0ubuntu1~16.04.2 running 'modules:final' at Tue, 18 Dec 2018 12:26:54 +0000. Up 86.13 seconds.
[   86.238970] cloud-init[1631]: ci-info: no authorized ssh keys fingerprints found for user ubuntu.
[   86.239061] cloud-init[1631]: Cloud-init v. 18.4-0ubuntu1~16.04.2 finished at Tue, 18 Dec 2018 12:26:54 +0000. Datasource DataSourceNoCloud [seed=/dev/sdb][dsmode=net].  Up 86.23 seconds
[330897.086588] e1000 0000:00:03.0 enp0s3: Detected Tx Unit Hang
[330897.086588]   Tx Queue             <0>
[330897.086588]   TDH                  <2b>
[330897.086588]   TDT                  <2d>
[330897.086588]   next_to_use          <2d>
[330897.086588]   next_to_clean        <2b>
[330897.086588] buffer_info[next_to_clean]
[330897.086588]   time_stamp           <104ecfccd>
[330897.086588]   next_to_watch        <2c>
[330897.086588]   jiffies              <104ecfe6d>
[330897.086588]   next_to_watch.status <0>
